D:\DOCUMENTS\VISUAL STUDIO 2010\PROJECTS\MULTI_GPURKDG\DEBUG\MULTI_GPURKDG.EXE
D:\DOCUMENTS\VISUAL STUDIO 2010\PROJECTS\MULTI_GPURKDG\DEBUG\MULTI_GPURKDG.EXE.MANIFEST
D:\DOCUMENTS\VISUAL STUDIO 2010\PROJECTS\MULTI_GPURKDG\DEBUG\MULTI_GPURKDG.ILK
D:\DOCUMENTS\VISUAL STUDIO 2010\PROJECTS\MULTI_GPURKDG\DEBUG\MULTI_GPURKDG.PDB
d:\documents\visual studio 2010\Projects\multi_gpuRkdg\multi_gpuRkdg\Debug\cl.command.1.tlog
d:\documents\visual studio 2010\Projects\multi_gpuRkdg\multi_gpuRkdg\Debug\CL.read.1.tlog
d:\documents\visual studio 2010\Projects\multi_gpuRkdg\multi_gpuRkdg\Debug\CL.write.1.tlog
D:\DOCUMENTS\VISUAL STUDIO 2010\PROJECTS\MULTI_GPURKDG\MULTI_GPURKDG\DEBUG\CONFIG.OBJ
D:\DOCUMENTS\VISUAL STUDIO 2010\PROJECTS\MULTI_GPURKDG\MULTI_GPURKDG\DEBUG\CUDAARRAYS.OBJ
d:\documents\visual studio 2010\Projects\multi_gpuRkdg\multi_gpuRkdg\Debug\cudarkdgsolver.cu.cache
d:\documents\visual studio 2010\Projects\multi_gpuRkdg\multi_gpuRkdg\Debug\cudarkdgsolver.cu.obj
D:\DOCUMENTS\VISUAL STUDIO 2010\PROJECTS\MULTI_GPURKDG\MULTI_GPURKDG\DEBUG\EDGE.OBJ
D:\DOCUMENTS\VISUAL STUDIO 2010\PROJECTS\MULTI_GPURKDG\MULTI_GPURKDG\DEBUG\GAUSS.OBJ
d:\documents\visual studio 2010\Projects\multi_gpuRkdg\multi_gpuRkdg\Debug\kernelfunctions.cu.cache
d:\documents\visual studio 2010\Projects\multi_gpuRkdg\multi_gpuRkdg\Debug\kernelfunctions.cu.obj
d:\documents\visual studio 2010\Projects\multi_gpuRkdg\multi_gpuRkdg\Debug\link.command.1.tlog
d:\documents\visual studio 2010\Projects\multi_gpuRkdg\multi_gpuRkdg\Debug\link.read.1.tlog
d:\documents\visual studio 2010\Projects\multi_gpuRkdg\multi_gpuRkdg\Debug\link.write.1.tlog
D:\DOCUMENTS\VISUAL STUDIO 2010\PROJECTS\MULTI_GPURKDG\MULTI_GPURKDG\DEBUG\MAIN.OBJ
d:\documents\visual studio 2010\Projects\multi_gpuRkdg\multi_gpuRkdg\Debug\mt.command.1.tlog
d:\documents\visual studio 2010\Projects\multi_gpuRkdg\multi_gpuRkdg\Debug\mt.read.1.tlog
d:\documents\visual studio 2010\Projects\multi_gpuRkdg\multi_gpuRkdg\Debug\mt.write.1.tlog
D:\DOCUMENTS\VISUAL STUDIO 2010\PROJECTS\MULTI_GPURKDG\MULTI_GPURKDG\DEBUG\MULTI_GPURKDG.EXE.INTERMEDIATE.MANIFEST
d:\documents\visual studio 2010\Projects\multi_gpuRkdg\multi_gpuRkdg\Debug\multi_gpuRkdg.write.1.tlog
D:\DOCUMENTS\VISUAL STUDIO 2010\PROJECTS\MULTI_GPURKDG\MULTI_GPURKDG\DEBUG\MYEXCEPTION.OBJ
D:\DOCUMENTS\VISUAL STUDIO 2010\PROJECTS\MULTI_GPURKDG\MULTI_GPURKDG\DEBUG\MYTIME.OBJ
D:\DOCUMENTS\VISUAL STUDIO 2010\PROJECTS\MULTI_GPURKDG\MULTI_GPURKDG\DEBUG\RKDGADVANCE.OBJ
D:\DOCUMENTS\VISUAL STUDIO 2010\PROJECTS\MULTI_GPURKDG\MULTI_GPURKDG\DEBUG\SENDBOUNDARYINDEX.OBJ
D:\DOCUMENTS\VISUAL STUDIO 2010\PROJECTS\MULTI_GPURKDG\MULTI_GPURKDG\DEBUG\TESTLOCALELEMINDEX.OBJ
D:\DOCUMENTS\VISUAL STUDIO 2010\PROJECTS\MULTI_GPURKDG\MULTI_GPURKDG\DEBUG\TRIANGLEINFO.OBJ
D:\DOCUMENTS\VISUAL STUDIO 2010\PROJECTS\MULTI_GPURKDG\MULTI_GPURKDG\DEBUG\UNSTRUCTUREDGRID.OBJ
d:\documents\visual studio 2010\Projects\multi_gpuRkdg\multi_gpuRkdg\Debug\vc100.idb
D:\DOCUMENTS\VISUAL STUDIO 2010\PROJECTS\MULTI_GPURKDG\MULTI_GPURKDG\DEBUG\VC100.PDB
D:\DOCUMENTS\VISUAL STUDIO 2010\PROJECTS\MULTI_GPURKDG\MULTI_GPURKDG\DEBUG\VERTICE2D.OBJ
